Traceback (most recent call last):
  File "/home/nkarimi/ComplianceReporting/venv/bin/celery", line 11, in <module>
    sys.exit(main())
  File "/home/nkarimi/ComplianceReporting/venv/lib/python3.6/site-packages/celery/__main__.py", line 30, in main
    main()
  File "/home/nkarimi/ComplianceReporting/venv/lib/python3.6/site-packages/celery/bin/celery.py", line 81, in main
    cmd.execute_from_commandline(argv)
  File "/home/nkarimi/ComplianceReporting/venv/lib/python3.6/site-packages/celery/bin/celery.py", line 793, in execute_from_commandline
    super(CeleryCommand, self).execute_from_commandline(argv)))
  File "/home/nkarimi/ComplianceReporting/venv/lib/python3.6/site-packages/celery/bin/base.py", line 309, in execute_from_commandline
    argv = self.setup_app_from_commandline(argv)
  File "/home/nkarimi/ComplianceReporting/venv/lib/python3.6/site-packages/celery/bin/base.py", line 469, in setup_app_from_commandline
    self.app = self.find_app(app)
  File "/home/nkarimi/ComplianceReporting/venv/lib/python3.6/site-packages/celery/bin/base.py", line 489, in find_app
    return find_app(app, symbol_by_name=self.symbol_by_name)
  File "/home/nkarimi/ComplianceReporting/venv/lib/python3.6/site-packages/celery/app/utils.py", line 235, in find_app
    sym = symbol_by_name(app, imp=imp)
  File "/home/nkarimi/ComplianceReporting/venv/lib/python3.6/site-packages/celery/bin/base.py", line 492, in symbol_by_name
    return symbol_by_name(name, imp=imp)
  File "/home/nkarimi/ComplianceReporting/venv/lib/python3.6/site-packages/kombu/utils/__init__.py", line 96, in symbol_by_name
    module = imp(module_name, package=package, **kwargs)
  File "/home/nkarimi/ComplianceReporting/venv/lib/python3.6/site-packages/celery/utils/imports.py", line 101, in import_from_cwd
    return imp(module, package=package)
  File "/usr/lib/python3.6/importlib/__init__.py", line 126, in import_module
    return _bootstrap._gcd_import(name[level:], package, level)
  File "<frozen importlib._bootstrap>", line 994, in _gcd_import
  File "<frozen importlib._bootstrap>", line 971, in _find_and_load
  File "<frozen importlib._bootstrap>", line 953, in _find_and_load_unlocked
ModuleNotFoundError: No module named 'ComplianceReporting'
Traceback (most recent call last):
  File "/home/nkarimi/ComplianceReporting/venv/bin/celery", line 11, in <module>
    sys.exit(main())
  File "/home/nkarimi/ComplianceReporting/venv/lib/python3.6/site-packages/celery/__main__.py", line 30, in main
    main()
  File "/home/nkarimi/ComplianceReporting/venv/lib/python3.6/site-packages/celery/bin/celery.py", line 81, in main
    cmd.execute_from_commandline(argv)
  File "/home/nkarimi/ComplianceReporting/venv/lib/python3.6/site-packages/celery/bin/celery.py", line 793, in execute_from_commandline
    super(CeleryCommand, self).execute_from_commandline(argv)))
  File "/home/nkarimi/ComplianceReporting/venv/lib/python3.6/site-packages/celery/bin/base.py", line 309, in execute_from_commandline
    argv = self.setup_app_from_commandline(argv)
  File "/home/nkarimi/ComplianceReporting/venv/lib/python3.6/site-packages/celery/bin/base.py", line 469, in setup_app_from_commandline
    self.app = self.find_app(app)
  File "/home/nkarimi/ComplianceReporting/venv/lib/python3.6/site-packages/celery/bin/base.py", line 489, in find_app
    return find_app(app, symbol_by_name=self.symbol_by_name)
  File "/home/nkarimi/ComplianceReporting/venv/lib/python3.6/site-packages/celery/app/utils.py", line 235, in find_app
    sym = symbol_by_name(app, imp=imp)
  File "/home/nkarimi/ComplianceReporting/venv/lib/python3.6/site-packages/celery/bin/base.py", line 492, in symbol_by_name
    return symbol_by_name(name, imp=imp)
  File "/home/nkarimi/ComplianceReporting/venv/lib/python3.6/site-packages/kombu/utils/__init__.py", line 96, in symbol_by_name
    module = imp(module_name, package=package, **kwargs)
  File "/home/nkarimi/ComplianceReporting/venv/lib/python3.6/site-packages/celery/utils/imports.py", line 101, in import_from_cwd
    return imp(module, package=package)
  File "/usr/lib/python3.6/importlib/__init__.py", line 126, in import_module
    return _bootstrap._gcd_import(name[level:], package, level)
  File "<frozen importlib._bootstrap>", line 994, in _gcd_import
  File "<frozen importlib._bootstrap>", line 971, in _find_and_load
  File "<frozen importlib._bootstrap>", line 953, in _find_and_load_unlocked
ModuleNotFoundError: No module named 'ComplianceReporting'
Traceback (most recent call last):
  File "/home/nkarimi/ComplianceReporting/venv/bin/celery", line 11, in <module>
    sys.exit(main())
  File "/home/nkarimi/ComplianceReporting/venv/lib/python3.6/site-packages/celery/__main__.py", line 30, in main
    main()
  File "/home/nkarimi/ComplianceReporting/venv/lib/python3.6/site-packages/celery/bin/celery.py", line 81, in main
    cmd.execute_from_commandline(argv)
  File "/home/nkarimi/ComplianceReporting/venv/lib/python3.6/site-packages/celery/bin/celery.py", line 793, in execute_from_commandline
    super(CeleryCommand, self).execute_from_commandline(argv)))
  File "/home/nkarimi/ComplianceReporting/venv/lib/python3.6/site-packages/celery/bin/base.py", line 309, in execute_from_commandline
    argv = self.setup_app_from_commandline(argv)
  File "/home/nkarimi/ComplianceReporting/venv/lib/python3.6/site-packages/celery/bin/base.py", line 469, in setup_app_from_commandline
    self.app = self.find_app(app)
  File "/home/nkarimi/ComplianceReporting/venv/lib/python3.6/site-packages/celery/bin/base.py", line 489, in find_app
    return find_app(app, symbol_by_name=self.symbol_by_name)
  File "/home/nkarimi/ComplianceReporting/venv/lib/python3.6/site-packages/celery/app/utils.py", line 235, in find_app
    sym = symbol_by_name(app, imp=imp)
  File "/home/nkarimi/ComplianceReporting/venv/lib/python3.6/site-packages/celery/bin/base.py", line 492, in symbol_by_name
    return symbol_by_name(name, imp=imp)
  File "/home/nkarimi/ComplianceReporting/venv/lib/python3.6/site-packages/kombu/utils/__init__.py", line 96, in symbol_by_name
    module = imp(module_name, package=package, **kwargs)
  File "/home/nkarimi/ComplianceReporting/venv/lib/python3.6/site-packages/celery/utils/imports.py", line 101, in import_from_cwd
    return imp(module, package=package)
  File "/usr/lib/python3.6/importlib/__init__.py", line 126, in import_module
    return _bootstrap._gcd_import(name[level:], package, level)
  File "<frozen importlib._bootstrap>", line 994, in _gcd_import
  File "<frozen importlib._bootstrap>", line 971, in _find_and_load
  File "<frozen importlib._bootstrap>", line 953, in _find_and_load_unlocked
ModuleNotFoundError: No module named 'ComplianceReporting'
Traceback (most recent call last):
  File "/home/nkarimi/ComplianceReporting/venv/bin/celery", line 11, in <module>
    sys.exit(main())
  File "/home/nkarimi/ComplianceReporting/venv/lib/python3.6/site-packages/celery/__main__.py", line 30, in main
    main()
  File "/home/nkarimi/ComplianceReporting/venv/lib/python3.6/site-packages/celery/bin/celery.py", line 81, in main
    cmd.execute_from_commandline(argv)
  File "/home/nkarimi/ComplianceReporting/venv/lib/python3.6/site-packages/celery/bin/celery.py", line 793, in execute_from_commandline
    super(CeleryCommand, self).execute_from_commandline(argv)))
  File "/home/nkarimi/ComplianceReporting/venv/lib/python3.6/site-packages/celery/bin/base.py", line 309, in execute_from_commandline
    argv = self.setup_app_from_commandline(argv)
  File "/home/nkarimi/ComplianceReporting/venv/lib/python3.6/site-packages/celery/bin/base.py", line 469, in setup_app_from_commandline
    self.app = self.find_app(app)
  File "/home/nkarimi/ComplianceReporting/venv/lib/python3.6/site-packages/celery/bin/base.py", line 489, in find_app
    return find_app(app, symbol_by_name=self.symbol_by_name)
  File "/home/nkarimi/ComplianceReporting/venv/lib/python3.6/site-packages/celery/app/utils.py", line 235, in find_app
    sym = symbol_by_name(app, imp=imp)
  File "/home/nkarimi/ComplianceReporting/venv/lib/python3.6/site-packages/celery/bin/base.py", line 492, in symbol_by_name
    return symbol_by_name(name, imp=imp)
  File "/home/nkarimi/ComplianceReporting/venv/lib/python3.6/site-packages/kombu/utils/__init__.py", line 96, in symbol_by_name
    module = imp(module_name, package=package, **kwargs)
  File "/home/nkarimi/ComplianceReporting/venv/lib/python3.6/site-packages/celery/utils/imports.py", line 101, in import_from_cwd
    return imp(module, package=package)
  File "/usr/lib/python3.6/importlib/__init__.py", line 126, in import_module
    return _bootstrap._gcd_import(name[level:], package, level)
  File "<frozen importlib._bootstrap>", line 994, in _gcd_import
  File "<frozen importlib._bootstrap>", line 971, in _find_and_load
  File "<frozen importlib._bootstrap>", line 953, in _find_and_load_unlocked
ModuleNotFoundError: No module named 'ComplianceReporting'

The 'celerybeat' command is deprecated, please use 'celery beat' instead:

$ celery beat -A ComplianceReporting --loglevel=INFO


Traceback (most recent call last):
  File "/home/nkarimi/ComplianceReporting/venv/bin/celerybeat", line 11, in <module>
    sys.exit(_compat_beat())
  File "/home/nkarimi/ComplianceReporting/venv/lib/python3.6/site-packages/celery/__main__.py", line 50, in _compat_beat
    main()
  File "/home/nkarimi/ComplianceReporting/venv/lib/python3.6/site-packages/celery/bin/beat.py", line 97, in main
    beat(app=app).execute_from_commandline()
  File "/home/nkarimi/ComplianceReporting/venv/lib/python3.6/site-packages/celery/bin/base.py", line 309, in execute_from_commandline
    argv = self.setup_app_from_commandline(argv)
  File "/home/nkarimi/ComplianceReporting/venv/lib/python3.6/site-packages/celery/bin/base.py", line 469, in setup_app_from_commandline
    self.app = self.find_app(app)
  File "/home/nkarimi/ComplianceReporting/venv/lib/python3.6/site-packages/celery/bin/base.py", line 489, in find_app
    return find_app(app, symbol_by_name=self.symbol_by_name)
  File "/home/nkarimi/ComplianceReporting/venv/lib/python3.6/site-packages/celery/app/utils.py", line 235, in find_app
    sym = symbol_by_name(app, imp=imp)
  File "/home/nkarimi/ComplianceReporting/venv/lib/python3.6/site-packages/celery/bin/base.py", line 492, in symbol_by_name
    return symbol_by_name(name, imp=imp)
  File "/home/nkarimi/ComplianceReporting/venv/lib/python3.6/site-packages/kombu/utils/__init__.py", line 96, in symbol_by_name
    module = imp(module_name, package=package, **kwargs)
  File "/home/nkarimi/ComplianceReporting/venv/lib/python3.6/site-packages/celery/utils/imports.py", line 101, in import_from_cwd
    return imp(module, package=package)
  File "/usr/lib/python3.6/importlib/__init__.py", line 126, in import_module
    return _bootstrap._gcd_import(name[level:], package, level)
  File "<frozen importlib._bootstrap>", line 994, in _gcd_import
  File "<frozen importlib._bootstrap>", line 971, in _find_and_load
  File "<frozen importlib._bootstrap>", line 953, in _find_and_load_unlocked
ModuleNotFoundError: No module named 'ComplianceReporting'

The 'celerybeat' command is deprecated, please use 'celery beat' instead:

$ celery beat -A ComplianceReporting --loglevel=INFO


Traceback (most recent call last):
  File "/home/nkarimi/ComplianceReporting/venv/bin/celerybeat", line 11, in <module>
    sys.exit(_compat_beat())
  File "/home/nkarimi/ComplianceReporting/venv/lib/python3.6/site-packages/celery/__main__.py", line 50, in _compat_beat
    main()
  File "/home/nkarimi/ComplianceReporting/venv/lib/python3.6/site-packages/celery/bin/beat.py", line 97, in main
    beat(app=app).execute_from_commandline()
  File "/home/nkarimi/ComplianceReporting/venv/lib/python3.6/site-packages/celery/bin/base.py", line 309, in execute_from_commandline
    argv = self.setup_app_from_commandline(argv)
  File "/home/nkarimi/ComplianceReporting/venv/lib/python3.6/site-packages/celery/bin/base.py", line 469, in setup_app_from_commandline
    self.app = self.find_app(app)
  File "/home/nkarimi/ComplianceReporting/venv/lib/python3.6/site-packages/celery/bin/base.py", line 489, in find_app
    return find_app(app, symbol_by_name=self.symbol_by_name)
  File "/home/nkarimi/ComplianceReporting/venv/lib/python3.6/site-packages/celery/app/utils.py", line 235, in find_app
    sym = symbol_by_name(app, imp=imp)
  File "/home/nkarimi/ComplianceReporting/venv/lib/python3.6/site-packages/celery/bin/base.py", line 492, in symbol_by_name
    return symbol_by_name(name, imp=imp)
  File "/home/nkarimi/ComplianceReporting/venv/lib/python3.6/site-packages/kombu/utils/__init__.py", line 96, in symbol_by_name
    module = imp(module_name, package=package, **kwargs)
  File "/home/nkarimi/ComplianceReporting/venv/lib/python3.6/site-packages/celery/utils/imports.py", line 101, in import_from_cwd
    return imp(module, package=package)
  File "/usr/lib/python3.6/importlib/__init__.py", line 126, in import_module
    return _bootstrap._gcd_import(name[level:], package, level)
  File "<frozen importlib._bootstrap>", line 994, in _gcd_import
  File "<frozen importlib._bootstrap>", line 971, in _find_and_load
  File "<frozen importlib._bootstrap>", line 953, in _find_and_load_unlocked
ModuleNotFoundError: No module named 'ComplianceReporting'

The 'celerybeat' command is deprecated, please use 'celery beat' instead:

$ celery beat -A ComplianceReporting --loglevel=INFO


Traceback (most recent call last):
  File "/home/nkarimi/ComplianceReporting/venv/bin/celerybeat", line 11, in <module>
    sys.exit(_compat_beat())
  File "/home/nkarimi/ComplianceReporting/venv/lib/python3.6/site-packages/celery/__main__.py", line 50, in _compat_beat
    main()
  File "/home/nkarimi/ComplianceReporting/venv/lib/python3.6/site-packages/celery/bin/beat.py", line 97, in main
    beat(app=app).execute_from_commandline()
  File "/home/nkarimi/ComplianceReporting/venv/lib/python3.6/site-packages/celery/bin/base.py", line 309, in execute_from_commandline
    argv = self.setup_app_from_commandline(argv)
  File "/home/nkarimi/ComplianceReporting/venv/lib/python3.6/site-packages/celery/bin/base.py", line 469, in setup_app_from_commandline
    self.app = self.find_app(app)
  File "/home/nkarimi/ComplianceReporting/venv/lib/python3.6/site-packages/celery/bin/base.py", line 489, in find_app
    return find_app(app, symbol_by_name=self.symbol_by_name)
  File "/home/nkarimi/ComplianceReporting/venv/lib/python3.6/site-packages/celery/app/utils.py", line 235, in find_app
    sym = symbol_by_name(app, imp=imp)
  File "/home/nkarimi/ComplianceReporting/venv/lib/python3.6/site-packages/celery/bin/base.py", line 492, in symbol_by_name
    return symbol_by_name(name, imp=imp)
  File "/home/nkarimi/ComplianceReporting/venv/lib/python3.6/site-packages/kombu/utils/__init__.py", line 96, in symbol_by_name
    module = imp(module_name, package=package, **kwargs)
  File "/home/nkarimi/ComplianceReporting/venv/lib/python3.6/site-packages/celery/utils/imports.py", line 101, in import_from_cwd
    return imp(module, package=package)
  File "/usr/lib/python3.6/importlib/__init__.py", line 126, in import_module
    return _bootstrap._gcd_import(name[level:], package, level)
  File "<frozen importlib._bootstrap>", line 994, in _gcd_import
  File "<frozen importlib._bootstrap>", line 971, in _find_and_load
  File "<frozen importlib._bootstrap>", line 953, in _find_and_load_unlocked
ModuleNotFoundError: No module named 'ComplianceReporting'

The 'celerybeat' command is deprecated, please use 'celery beat' instead:

$ celery beat -A ComplianceReporting --loglevel=INFO


Traceback (most recent call last):
  File "/home/nkarimi/ComplianceReporting/venv/bin/celerybeat", line 11, in <module>
    sys.exit(_compat_beat())
  File "/home/nkarimi/ComplianceReporting/venv/lib/python3.6/site-packages/celery/__main__.py", line 50, in _compat_beat
    main()
  File "/home/nkarimi/ComplianceReporting/venv/lib/python3.6/site-packages/celery/bin/beat.py", line 97, in main
    beat(app=app).execute_from_commandline()
  File "/home/nkarimi/ComplianceReporting/venv/lib/python3.6/site-packages/celery/bin/base.py", line 309, in execute_from_commandline
    argv = self.setup_app_from_commandline(argv)
  File "/home/nkarimi/ComplianceReporting/venv/lib/python3.6/site-packages/celery/bin/base.py", line 469, in setup_app_from_commandline
    self.app = self.find_app(app)
  File "/home/nkarimi/ComplianceReporting/venv/lib/python3.6/site-packages/celery/bin/base.py", line 489, in find_app
    return find_app(app, symbol_by_name=self.symbol_by_name)
  File "/home/nkarimi/ComplianceReporting/venv/lib/python3.6/site-packages/celery/app/utils.py", line 235, in find_app
    sym = symbol_by_name(app, imp=imp)
  File "/home/nkarimi/ComplianceReporting/venv/lib/python3.6/site-packages/celery/bin/base.py", line 492, in symbol_by_name
    return symbol_by_name(name, imp=imp)
  File "/home/nkarimi/ComplianceReporting/venv/lib/python3.6/site-packages/kombu/utils/__init__.py", line 96, in symbol_by_name
    module = imp(module_name, package=package, **kwargs)
  File "/home/nkarimi/ComplianceReporting/venv/lib/python3.6/site-packages/celery/utils/imports.py", line 101, in import_from_cwd
    return imp(module, package=package)
  File "/usr/lib/python3.6/importlib/__init__.py", line 126, in import_module
    return _bootstrap._gcd_import(name[level:], package, level)
  File "<frozen importlib._bootstrap>", line 994, in _gcd_import
  File "<frozen importlib._bootstrap>", line 971, in _find_and_load
  File "<frozen importlib._bootstrap>", line 953, in _find_and_load_unlocked
ModuleNotFoundError: No module named 'ComplianceReporting'

The 'celerybeat' command is deprecated, please use 'celery beat' instead:

$ celery beat -A ComplianceReporting --loglevel=INFO


Traceback (most recent call last):
  File "/home/nkarimi/ComplianceReporting/venv/bin/celerybeat", line 11, in <module>
    sys.exit(_compat_beat())
  File "/home/nkarimi/ComplianceReporting/venv/lib/python3.6/site-packages/celery/__main__.py", line 50, in _compat_beat
    main()
  File "/home/nkarimi/ComplianceReporting/venv/lib/python3.6/site-packages/celery/bin/beat.py", line 97, in main
    beat(app=app).execute_from_commandline()
  File "/home/nkarimi/ComplianceReporting/venv/lib/python3.6/site-packages/celery/bin/base.py", line 309, in execute_from_commandline
    argv = self.setup_app_from_commandline(argv)
  File "/home/nkarimi/ComplianceReporting/venv/lib/python3.6/site-packages/celery/bin/base.py", line 469, in setup_app_from_commandline
    self.app = self.find_app(app)
  File "/home/nkarimi/ComplianceReporting/venv/lib/python3.6/site-packages/celery/bin/base.py", line 489, in find_app
    return find_app(app, symbol_by_name=self.symbol_by_name)
  File "/home/nkarimi/ComplianceReporting/venv/lib/python3.6/site-packages/celery/app/utils.py", line 235, in find_app
    sym = symbol_by_name(app, imp=imp)
  File "/home/nkarimi/ComplianceReporting/venv/lib/python3.6/site-packages/celery/bin/base.py", line 492, in symbol_by_name
    return symbol_by_name(name, imp=imp)
  File "/home/nkarimi/ComplianceReporting/venv/lib/python3.6/site-packages/kombu/utils/__init__.py", line 96, in symbol_by_name
    module = imp(module_name, package=package, **kwargs)
  File "/home/nkarimi/ComplianceReporting/venv/lib/python3.6/site-packages/celery/utils/imports.py", line 101, in import_from_cwd
    return imp(module, package=package)
  File "/usr/lib/python3.6/importlib/__init__.py", line 126, in import_module
    return _bootstrap._gcd_import(name[level:], package, level)
  File "<frozen importlib._bootstrap>", line 994, in _gcd_import
  File "<frozen importlib._bootstrap>", line 971, in _find_and_load
  File "<frozen importlib._bootstrap>", line 953, in _find_and_load_unlocked
ModuleNotFoundError: No module named 'ComplianceReporting'

The 'celerybeat' command is deprecated, please use 'celery beat' instead:

$ celery beat -A ComplianceReporting --loglevel=INFO


Traceback (most recent call last):
  File "/home/nkarimi/ComplianceReporting/venv/bin/celerybeat", line 11, in <module>
    sys.exit(_compat_beat())
  File "/home/nkarimi/ComplianceReporting/venv/lib/python3.6/site-packages/celery/__main__.py", line 50, in _compat_beat
    main()
  File "/home/nkarimi/ComplianceReporting/venv/lib/python3.6/site-packages/celery/bin/beat.py", line 97, in main
    beat(app=app).execute_from_commandline()
  File "/home/nkarimi/ComplianceReporting/venv/lib/python3.6/site-packages/celery/bin/base.py", line 309, in execute_from_commandline
    argv = self.setup_app_from_commandline(argv)
  File "/home/nkarimi/ComplianceReporting/venv/lib/python3.6/site-packages/celery/bin/base.py", line 469, in setup_app_from_commandline
    self.app = self.find_app(app)
  File "/home/nkarimi/ComplianceReporting/venv/lib/python3.6/site-packages/celery/bin/base.py", line 489, in find_app
    return find_app(app, symbol_by_name=self.symbol_by_name)
  File "/home/nkarimi/ComplianceReporting/venv/lib/python3.6/site-packages/celery/app/utils.py", line 235, in find_app
    sym = symbol_by_name(app, imp=imp)
  File "/home/nkarimi/ComplianceReporting/venv/lib/python3.6/site-packages/celery/bin/base.py", line 492, in symbol_by_name
    return symbol_by_name(name, imp=imp)
  File "/home/nkarimi/ComplianceReporting/venv/lib/python3.6/site-packages/kombu/utils/__init__.py", line 96, in symbol_by_name
    module = imp(module_name, package=package, **kwargs)
  File "/home/nkarimi/ComplianceReporting/venv/lib/python3.6/site-packages/celery/utils/imports.py", line 101, in import_from_cwd
    return imp(module, package=package)
  File "/usr/lib/python3.6/importlib/__init__.py", line 126, in import_module
    return _bootstrap._gcd_import(name[level:], package, level)
  File "<frozen importlib._bootstrap>", line 994, in _gcd_import
  File "<frozen importlib._bootstrap>", line 971, in _find_and_load
  File "<frozen importlib._bootstrap>", line 953, in _find_and_load_unlocked
ModuleNotFoundError: No module named 'ComplianceReporting'

The 'celerybeat' command is deprecated, please use 'celery beat' instead:

$ celery beat -A ComplianceReporting --loglevel=INFO


Traceback (most recent call last):
  File "/home/nkarimi/ComplianceReporting/venv/bin/celerybeat", line 11, in <module>
    sys.exit(_compat_beat())
  File "/home/nkarimi/ComplianceReporting/venv/lib/python3.6/site-packages/celery/__main__.py", line 50, in _compat_beat
    main()
  File "/home/nkarimi/ComplianceReporting/venv/lib/python3.6/site-packages/celery/bin/beat.py", line 97, in main
    beat(app=app).execute_from_commandline()
  File "/home/nkarimi/ComplianceReporting/venv/lib/python3.6/site-packages/celery/bin/base.py", line 309, in execute_from_commandline
    argv = self.setup_app_from_commandline(argv)
  File "/home/nkarimi/ComplianceReporting/venv/lib/python3.6/site-packages/celery/bin/base.py", line 469, in setup_app_from_commandline
    self.app = self.find_app(app)
  File "/home/nkarimi/ComplianceReporting/venv/lib/python3.6/site-packages/celery/bin/base.py", line 489, in find_app
    return find_app(app, symbol_by_name=self.symbol_by_name)
  File "/home/nkarimi/ComplianceReporting/venv/lib/python3.6/site-packages/celery/app/utils.py", line 235, in find_app
    sym = symbol_by_name(app, imp=imp)
  File "/home/nkarimi/ComplianceReporting/venv/lib/python3.6/site-packages/celery/bin/base.py", line 492, in symbol_by_name
    return symbol_by_name(name, imp=imp)
  File "/home/nkarimi/ComplianceReporting/venv/lib/python3.6/site-packages/kombu/utils/__init__.py", line 96, in symbol_by_name
    module = imp(module_name, package=package, **kwargs)
  File "/home/nkarimi/ComplianceReporting/venv/lib/python3.6/site-packages/celery/utils/imports.py", line 101, in import_from_cwd
    return imp(module, package=package)
  File "/usr/lib/python3.6/importlib/__init__.py", line 126, in import_module
    return _bootstrap._gcd_import(name[level:], package, level)
  File "<frozen importlib._bootstrap>", line 994, in _gcd_import
  File "<frozen importlib._bootstrap>", line 971, in _find_and_load
  File "<frozen importlib._bootstrap>", line 953, in _find_and_load_unlocked
ModuleNotFoundError: No module named 'ComplianceReporting'

The 'celerybeat' command is deprecated, please use 'celery beat' instead:

$ celery beat -A ComplianceReporting --loglevel=INFO


Traceback (most recent call last):
  File "/home/nkarimi/ComplianceReporting/venv/bin/celerybeat", line 11, in <module>
    sys.exit(_compat_beat())
  File "/home/nkarimi/ComplianceReporting/venv/lib/python3.6/site-packages/celery/__main__.py", line 50, in _compat_beat
    main()
  File "/home/nkarimi/ComplianceReporting/venv/lib/python3.6/site-packages/celery/bin/beat.py", line 97, in main
    beat(app=app).execute_from_commandline()
  File "/home/nkarimi/ComplianceReporting/venv/lib/python3.6/site-packages/celery/bin/base.py", line 309, in execute_from_commandline
    argv = self.setup_app_from_commandline(argv)
  File "/home/nkarimi/ComplianceReporting/venv/lib/python3.6/site-packages/celery/bin/base.py", line 469, in setup_app_from_commandline
    self.app = self.find_app(app)
  File "/home/nkarimi/ComplianceReporting/venv/lib/python3.6/site-packages/celery/bin/base.py", line 489, in find_app
    return find_app(app, symbol_by_name=self.symbol_by_name)
  File "/home/nkarimi/ComplianceReporting/venv/lib/python3.6/site-packages/celery/app/utils.py", line 235, in find_app
    sym = symbol_by_name(app, imp=imp)
  File "/home/nkarimi/ComplianceReporting/venv/lib/python3.6/site-packages/celery/bin/base.py", line 492, in symbol_by_name
    return symbol_by_name(name, imp=imp)
  File "/home/nkarimi/ComplianceReporting/venv/lib/python3.6/site-packages/kombu/utils/__init__.py", line 96, in symbol_by_name
    module = imp(module_name, package=package, **kwargs)
  File "/home/nkarimi/ComplianceReporting/venv/lib/python3.6/site-packages/celery/utils/imports.py", line 101, in import_from_cwd
    return imp(module, package=package)
  File "/usr/lib/python3.6/importlib/__init__.py", line 126, in import_module
    return _bootstrap._gcd_import(name[level:], package, level)
  File "<frozen importlib._bootstrap>", line 994, in _gcd_import
  File "<frozen importlib._bootstrap>", line 971, in _find_and_load
  File "<frozen importlib._bootstrap>", line 953, in _find_and_load_unlocked
ModuleNotFoundError: No module named 'ComplianceReporting'
[2020-12-30 22:34:49,552: INFO/MainProcess] beat: Starting...

The 'celerybeat' command is deprecated, please use 'celery beat' instead:

$ celery beat -A ComplianceReporting --loglevel=INFO


celery beat v3.1.26.post2 (Cipater) is starting.
__    -    ... __   -        _
Configuration ->
    . broker -> redis://localhost:6379//
    . loader -> celery.loaders.app.AppLoader
    . scheduler -> celery.beat.PersistentScheduler
    . db -> celerybeat-schedule
    . logfile -> [stderr]@%INFO
    . maxinterval -> now (0s)
[2020-12-30 22:35:26,869: INFO/MainProcess] beat: Starting...

The 'celerybeat' command is deprecated, please use 'celery beat' instead:

$ celery beat -A ComplianceReporting --loglevel=INFO


celery beat v3.1.26.post2 (Cipater) is starting.
__    -    ... __   -        _
Configuration ->
    . broker -> redis://localhost:6379//
    . loader -> celery.loaders.app.AppLoader
    . scheduler -> celery.beat.PersistentScheduler
    . db -> celerybeat-schedule
    . logfile -> [stderr]@%INFO
    . maxinterval -> now (0s)
[2020-12-30 23:03:56,939: INFO/MainProcess] beat: Starting...

The 'celerybeat' command is deprecated, please use 'celery beat' instead:

$ celery beat -A ComplianceReporting --loglevel=INFO


celery beat v3.1.26.post2 (Cipater) is starting.
__    -    ... __   -        _
Configuration ->
    . broker -> amqp://guest:**@localhost:5672//
    . loader -> celery.loaders.app.AppLoader
    . scheduler -> celery.beat.PersistentScheduler
    . db -> celerybeat-schedule
    . logfile -> [stderr]@%INFO
    . maxinterval -> now (0s)
[2020-12-30 23:04:44,857: INFO/MainProcess] beat: Starting...

The 'celerybeat' command is deprecated, please use 'celery beat' instead:

$ celery beat -A ComplianceReporting --loglevel=INFO


celery beat v3.1.26.post2 (Cipater) is starting.
__    -    ... __   -        _
Configuration ->
    . broker -> amqp://guest:**@localhost:5672//
    . loader -> celery.loaders.app.AppLoader
    . scheduler -> celery.beat.PersistentScheduler
    . db -> celerybeat-schedule
    . logfile -> [stderr]@%INFO
    . maxinterval -> now (0s)
[2020-12-31 00:45:07,264: INFO/MainProcess] beat: Starting...

The 'celerybeat' command is deprecated, please use 'celery beat' instead:

$ celery beat -A ComplianceReporting --loglevel=INFO


celery beat v3.1.26.post2 (Cipater) is starting.
__    -    ... __   -        _
Configuration ->
    . broker -> redis://guest@127.0.0.1:6379//
    . loader -> celery.loaders.app.AppLoader
    . scheduler -> celery.beat.PersistentScheduler
    . db -> celerybeat-schedule
    . logfile -> [stderr]@%INFO
    . maxinterval -> now (0s)
[2020-12-31 00:47:36,118: INFO/MainProcess] beat: Starting...

The 'celerybeat' command is deprecated, please use 'celery beat' instead:

$ celery beat -A ComplianceReporting --loglevel=INFO


celery beat v3.1.26.post2 (Cipater) is starting.
__    -    ... __   -        _
Configuration ->
    . broker -> redis://guest@127.0.0.1:6379//
    . loader -> celery.loaders.app.AppLoader
    . scheduler -> celery.beat.PersistentScheduler
    . db -> celerybeat-schedule
    . logfile -> [stderr]@%INFO
    . maxinterval -> now (0s)

The 'celerybeat' command is deprecated, please use 'celery beat' instead:

$ celery beat -A ComplianceReporting --loglevel=INFO


Traceback (most recent call last):
  File "/home/nkarimi/ComplianceReporting/venv/bin/celerybeat", line 11, in <module>
    sys.exit(_compat_beat())
  File "/home/nkarimi/ComplianceReporting/venv/lib/python3.6/site-packages/celery/__main__.py", line 50, in _compat_beat
    main()
  File "/home/nkarimi/ComplianceReporting/venv/lib/python3.6/site-packages/celery/bin/beat.py", line 97, in main
    beat(app=app).execute_from_commandline()
  File "/home/nkarimi/ComplianceReporting/venv/lib/python3.6/site-packages/celery/bin/base.py", line 309, in execute_from_commandline
    argv = self.setup_app_from_commandline(argv)
  File "/home/nkarimi/ComplianceReporting/venv/lib/python3.6/site-packages/celery/bin/base.py", line 469, in setup_app_from_commandline
    self.app = self.find_app(app)
  File "/home/nkarimi/ComplianceReporting/venv/lib/python3.6/site-packages/celery/bin/base.py", line 489, in find_app
    return find_app(app, symbol_by_name=self.symbol_by_name)
  File "/home/nkarimi/ComplianceReporting/venv/lib/python3.6/site-packages/celery/app/utils.py", line 235, in find_app
    sym = symbol_by_name(app, imp=imp)
  File "/home/nkarimi/ComplianceReporting/venv/lib/python3.6/site-packages/celery/bin/base.py", line 492, in symbol_by_name
    return symbol_by_name(name, imp=imp)
  File "/home/nkarimi/ComplianceReporting/venv/lib/python3.6/site-packages/kombu/utils/__init__.py", line 96, in symbol_by_name
    module = imp(module_name, package=package, **kwargs)
  File "/home/nkarimi/ComplianceReporting/venv/lib/python3.6/site-packages/celery/utils/imports.py", line 101, in import_from_cwd
    return imp(module, package=package)
  File "/usr/lib/python3.6/importlib/__init__.py", line 126, in import_module
    return _bootstrap._gcd_import(name[level:], package, level)
  File "<frozen importlib._bootstrap>", line 994, in _gcd_import
  File "<frozen importlib._bootstrap>", line 971, in _find_and_load
  File "<frozen importlib._bootstrap>", line 955, in _find_and_load_unlocked
  File "<frozen importlib._bootstrap>", line 665, in _load_unlocked
  File "<frozen importlib._bootstrap_external>", line 678, in exec_module
  File "<frozen importlib._bootstrap>", line 219, in _call_with_frames_removed
  File "/home/nkarimi/ComplianceReporting/ComplianceReporting/__init__.py", line 8, in <module>
    from .celery import app as celery_app
  File "/home/nkarimi/ComplianceReporting/ComplianceReporting/celery.py", line 20, in <module>
    app.autodiscover_tasks()
TypeError: autodiscover_tasks() missing 1 required positional argument: 'packages'

The 'celerybeat' command is deprecated, please use 'celery beat' instead:

$ celery beat -A ComplianceReporting --loglevel=INFO


Traceback (most recent call last):
  File "/home/nkarimi/ComplianceReporting/venv/bin/celerybeat", line 11, in <module>
    sys.exit(_compat_beat())
  File "/home/nkarimi/ComplianceReporting/venv/lib/python3.6/site-packages/celery/__main__.py", line 50, in _compat_beat
    main()
  File "/home/nkarimi/ComplianceReporting/venv/lib/python3.6/site-packages/celery/bin/beat.py", line 97, in main
    beat(app=app).execute_from_commandline()
  File "/home/nkarimi/ComplianceReporting/venv/lib/python3.6/site-packages/celery/bin/base.py", line 309, in execute_from_commandline
    argv = self.setup_app_from_commandline(argv)
  File "/home/nkarimi/ComplianceReporting/venv/lib/python3.6/site-packages/celery/bin/base.py", line 469, in setup_app_from_commandline
    self.app = self.find_app(app)
  File "/home/nkarimi/ComplianceReporting/venv/lib/python3.6/site-packages/celery/bin/base.py", line 489, in find_app
    return find_app(app, symbol_by_name=self.symbol_by_name)
  File "/home/nkarimi/ComplianceReporting/venv/lib/python3.6/site-packages/celery/app/utils.py", line 235, in find_app
    sym = symbol_by_name(app, imp=imp)
  File "/home/nkarimi/ComplianceReporting/venv/lib/python3.6/site-packages/celery/bin/base.py", line 492, in symbol_by_name
    return symbol_by_name(name, imp=imp)
  File "/home/nkarimi/ComplianceReporting/venv/lib/python3.6/site-packages/kombu/utils/__init__.py", line 96, in symbol_by_name
    module = imp(module_name, package=package, **kwargs)
  File "/home/nkarimi/ComplianceReporting/venv/lib/python3.6/site-packages/celery/utils/imports.py", line 101, in import_from_cwd
    return imp(module, package=package)
  File "/usr/lib/python3.6/importlib/__init__.py", line 126, in import_module
    return _bootstrap._gcd_import(name[level:], package, level)
  File "<frozen importlib._bootstrap>", line 994, in _gcd_import
  File "<frozen importlib._bootstrap>", line 971, in _find_and_load
  File "<frozen importlib._bootstrap>", line 955, in _find_and_load_unlocked
  File "<frozen importlib._bootstrap>", line 665, in _load_unlocked
  File "<frozen importlib._bootstrap_external>", line 678, in exec_module
  File "<frozen importlib._bootstrap>", line 219, in _call_with_frames_removed
  File "/home/nkarimi/ComplianceReporting/ComplianceReporting/__init__.py", line 8, in <module>
    from .celery import app as celery_app
  File "/home/nkarimi/ComplianceReporting/ComplianceReporting/celery.py", line 20, in <module>
    app.autodiscover_tasks()
TypeError: autodiscover_tasks() missing 1 required positional argument: 'packages'

The 'celerybeat' command is deprecated, please use 'celery beat' instead:

$ celery beat -A ComplianceReporting --loglevel=INFO


Traceback (most recent call last):
  File "/home/nkarimi/ComplianceReporting/venv/bin/celerybeat", line 11, in <module>
    sys.exit(_compat_beat())
  File "/home/nkarimi/ComplianceReporting/venv/lib/python3.6/site-packages/celery/__main__.py", line 50, in _compat_beat
    main()
  File "/home/nkarimi/ComplianceReporting/venv/lib/python3.6/site-packages/celery/bin/beat.py", line 97, in main
    beat(app=app).execute_from_commandline()
  File "/home/nkarimi/ComplianceReporting/venv/lib/python3.6/site-packages/celery/bin/base.py", line 309, in execute_from_commandline
    argv = self.setup_app_from_commandline(argv)
  File "/home/nkarimi/ComplianceReporting/venv/lib/python3.6/site-packages/celery/bin/base.py", line 469, in setup_app_from_commandline
    self.app = self.find_app(app)
  File "/home/nkarimi/ComplianceReporting/venv/lib/python3.6/site-packages/celery/bin/base.py", line 489, in find_app
    return find_app(app, symbol_by_name=self.symbol_by_name)
  File "/home/nkarimi/ComplianceReporting/venv/lib/python3.6/site-packages/celery/app/utils.py", line 235, in find_app
    sym = symbol_by_name(app, imp=imp)
  File "/home/nkarimi/ComplianceReporting/venv/lib/python3.6/site-packages/celery/bin/base.py", line 492, in symbol_by_name
    return symbol_by_name(name, imp=imp)
  File "/home/nkarimi/ComplianceReporting/venv/lib/python3.6/site-packages/kombu/utils/__init__.py", line 96, in symbol_by_name
    module = imp(module_name, package=package, **kwargs)
  File "/home/nkarimi/ComplianceReporting/venv/lib/python3.6/site-packages/celery/utils/imports.py", line 101, in import_from_cwd
    return imp(module, package=package)
  File "/usr/lib/python3.6/importlib/__init__.py", line 126, in import_module
    return _bootstrap._gcd_import(name[level:], package, level)
  File "<frozen importlib._bootstrap>", line 994, in _gcd_import
  File "<frozen importlib._bootstrap>", line 971, in _find_and_load
  File "<frozen importlib._bootstrap>", line 955, in _find_and_load_unlocked
  File "<frozen importlib._bootstrap>", line 665, in _load_unlocked
  File "<frozen importlib._bootstrap_external>", line 678, in exec_module
  File "<frozen importlib._bootstrap>", line 219, in _call_with_frames_removed
  File "/home/nkarimi/ComplianceReporting/ComplianceReporting/__init__.py", line 8, in <module>
    from .celery import app as celery_app
  File "/home/nkarimi/ComplianceReporting/ComplianceReporting/celery.py", line 20, in <module>
    app.autodiscover_tasks()
TypeError: autodiscover_tasks() missing 1 required positional argument: 'packages'

The 'celerybeat' command is deprecated, please use 'celery beat' instead:

$ celery beat -A ComplianceReporting --loglevel=INFO


Traceback (most recent call last):
  File "/home/nkarimi/ComplianceReporting/venv/bin/celerybeat", line 11, in <module>
    sys.exit(_compat_beat())
  File "/home/nkarimi/ComplianceReporting/venv/lib/python3.6/site-packages/celery/__main__.py", line 50, in _compat_beat
    main()
  File "/home/nkarimi/ComplianceReporting/venv/lib/python3.6/site-packages/celery/bin/beat.py", line 97, in main
    beat(app=app).execute_from_commandline()
  File "/home/nkarimi/ComplianceReporting/venv/lib/python3.6/site-packages/celery/bin/base.py", line 309, in execute_from_commandline
    argv = self.setup_app_from_commandline(argv)
  File "/home/nkarimi/ComplianceReporting/venv/lib/python3.6/site-packages/celery/bin/base.py", line 469, in setup_app_from_commandline
    self.app = self.find_app(app)
  File "/home/nkarimi/ComplianceReporting/venv/lib/python3.6/site-packages/celery/bin/base.py", line 489, in find_app
    return find_app(app, symbol_by_name=self.symbol_by_name)
  File "/home/nkarimi/ComplianceReporting/venv/lib/python3.6/site-packages/celery/app/utils.py", line 235, in find_app
    sym = symbol_by_name(app, imp=imp)
  File "/home/nkarimi/ComplianceReporting/venv/lib/python3.6/site-packages/celery/bin/base.py", line 492, in symbol_by_name
    return symbol_by_name(name, imp=imp)
  File "/home/nkarimi/ComplianceReporting/venv/lib/python3.6/site-packages/kombu/utils/__init__.py", line 96, in symbol_by_name
    module = imp(module_name, package=package, **kwargs)
  File "/home/nkarimi/ComplianceReporting/venv/lib/python3.6/site-packages/celery/utils/imports.py", line 101, in import_from_cwd
    return imp(module, package=package)
  File "/usr/lib/python3.6/importlib/__init__.py", line 126, in import_module
    return _bootstrap._gcd_import(name[level:], package, level)
  File "<frozen importlib._bootstrap>", line 994, in _gcd_import
  File "<frozen importlib._bootstrap>", line 971, in _find_and_load
  File "<frozen importlib._bootstrap>", line 955, in _find_and_load_unlocked
  File "<frozen importlib._bootstrap>", line 665, in _load_unlocked
  File "<frozen importlib._bootstrap_external>", line 678, in exec_module
  File "<frozen importlib._bootstrap>", line 219, in _call_with_frames_removed
  File "/home/nkarimi/ComplianceReporting/ComplianceReporting/__init__.py", line 8, in <module>
    from .celery import app as celery_app
  File "/home/nkarimi/ComplianceReporting/ComplianceReporting/celery.py", line 20, in <module>
    app.autodiscover_tasks()
TypeError: autodiscover_tasks() missing 1 required positional argument: 'packages'

The 'celerybeat' command is deprecated, please use 'celery beat' instead:

$ celery beat -A ComplianceReporting --loglevel=INFO


Traceback (most recent call last):
  File "/home/nkarimi/ComplianceReporting/venv/bin/celerybeat", line 11, in <module>
    sys.exit(_compat_beat())
  File "/home/nkarimi/ComplianceReporting/venv/lib/python3.6/site-packages/celery/__main__.py", line 50, in _compat_beat
    main()
  File "/home/nkarimi/ComplianceReporting/venv/lib/python3.6/site-packages/celery/bin/beat.py", line 97, in main
    beat(app=app).execute_from_commandline()
  File "/home/nkarimi/ComplianceReporting/venv/lib/python3.6/site-packages/celery/bin/base.py", line 309, in execute_from_commandline
    argv = self.setup_app_from_commandline(argv)
  File "/home/nkarimi/ComplianceReporting/venv/lib/python3.6/site-packages/celery/bin/base.py", line 469, in setup_app_from_commandline
    self.app = self.find_app(app)
  File "/home/nkarimi/ComplianceReporting/venv/lib/python3.6/site-packages/celery/bin/base.py", line 489, in find_app
    return find_app(app, symbol_by_name=self.symbol_by_name)
  File "/home/nkarimi/ComplianceReporting/venv/lib/python3.6/site-packages/celery/app/utils.py", line 235, in find_app
    sym = symbol_by_name(app, imp=imp)
  File "/home/nkarimi/ComplianceReporting/venv/lib/python3.6/site-packages/celery/bin/base.py", line 492, in symbol_by_name
    return symbol_by_name(name, imp=imp)
  File "/home/nkarimi/ComplianceReporting/venv/lib/python3.6/site-packages/kombu/utils/__init__.py", line 96, in symbol_by_name
    module = imp(module_name, package=package, **kwargs)
  File "/home/nkarimi/ComplianceReporting/venv/lib/python3.6/site-packages/celery/utils/imports.py", line 101, in import_from_cwd
    return imp(module, package=package)
  File "/usr/lib/python3.6/importlib/__init__.py", line 126, in import_module
    return _bootstrap._gcd_import(name[level:], package, level)
  File "<frozen importlib._bootstrap>", line 994, in _gcd_import
  File "<frozen importlib._bootstrap>", line 971, in _find_and_load
  File "<frozen importlib._bootstrap>", line 955, in _find_and_load_unlocked
  File "<frozen importlib._bootstrap>", line 665, in _load_unlocked
  File "<frozen importlib._bootstrap_external>", line 678, in exec_module
  File "<frozen importlib._bootstrap>", line 219, in _call_with_frames_removed
  File "/home/nkarimi/ComplianceReporting/ComplianceReporting/__init__.py", line 8, in <module>
    from .celery import app as celery_app
  File "/home/nkarimi/ComplianceReporting/ComplianceReporting/celery.py", line 20, in <module>
    app.autodiscover_tasks()
TypeError: autodiscover_tasks() missing 1 required positional argument: 'packages'

The 'celerybeat' command is deprecated, please use 'celery beat' instead:

$ celery beat -A ComplianceReporting --loglevel=INFO


Traceback (most recent call last):
  File "/home/nkarimi/ComplianceReporting/venv/bin/celerybeat", line 11, in <module>
    sys.exit(_compat_beat())
  File "/home/nkarimi/ComplianceReporting/venv/lib/python3.6/site-packages/celery/__main__.py", line 50, in _compat_beat
    main()
  File "/home/nkarimi/ComplianceReporting/venv/lib/python3.6/site-packages/celery/bin/beat.py", line 97, in main
    beat(app=app).execute_from_commandline()
  File "/home/nkarimi/ComplianceReporting/venv/lib/python3.6/site-packages/celery/bin/base.py", line 309, in execute_from_commandline
    argv = self.setup_app_from_commandline(argv)
  File "/home/nkarimi/ComplianceReporting/venv/lib/python3.6/site-packages/celery/bin/base.py", line 469, in setup_app_from_commandline
    self.app = self.find_app(app)
  File "/home/nkarimi/ComplianceReporting/venv/lib/python3.6/site-packages/celery/bin/base.py", line 489, in find_app
    return find_app(app, symbol_by_name=self.symbol_by_name)
  File "/home/nkarimi/ComplianceReporting/venv/lib/python3.6/site-packages/celery/app/utils.py", line 235, in find_app
    sym = symbol_by_name(app, imp=imp)
  File "/home/nkarimi/ComplianceReporting/venv/lib/python3.6/site-packages/celery/bin/base.py", line 492, in symbol_by_name
    return symbol_by_name(name, imp=imp)
  File "/home/nkarimi/ComplianceReporting/venv/lib/python3.6/site-packages/kombu/utils/__init__.py", line 96, in symbol_by_name
    module = imp(module_name, package=package, **kwargs)
  File "/home/nkarimi/ComplianceReporting/venv/lib/python3.6/site-packages/celery/utils/imports.py", line 101, in import_from_cwd
    return imp(module, package=package)
  File "/usr/lib/python3.6/importlib/__init__.py", line 126, in import_module
    return _bootstrap._gcd_import(name[level:], package, level)
  File "<frozen importlib._bootstrap>", line 994, in _gcd_import
  File "<frozen importlib._bootstrap>", line 971, in _find_and_load
  File "<frozen importlib._bootstrap>", line 955, in _find_and_load_unlocked
  File "<frozen importlib._bootstrap>", line 665, in _load_unlocked
  File "<frozen importlib._bootstrap_external>", line 678, in exec_module
  File "<frozen importlib._bootstrap>", line 219, in _call_with_frames_removed
  File "/home/nkarimi/ComplianceReporting/ComplianceReporting/__init__.py", line 8, in <module>
    from .celery import app as celery_app
  File "/home/nkarimi/ComplianceReporting/ComplianceReporting/celery.py", line 20, in <module>
    app.autodiscover_tasks()
TypeError: autodiscover_tasks() missing 1 required positional argument: 'packages'

The 'celerybeat' command is deprecated, please use 'celery beat' instead:

$ celery beat -A ComplianceReporting --loglevel=INFO


Traceback (most recent call last):
  File "/home/nkarimi/ComplianceReporting/venv/bin/celerybeat", line 11, in <module>
    sys.exit(_compat_beat())
  File "/home/nkarimi/ComplianceReporting/venv/lib/python3.6/site-packages/celery/__main__.py", line 50, in _compat_beat
    main()
  File "/home/nkarimi/ComplianceReporting/venv/lib/python3.6/site-packages/celery/bin/beat.py", line 97, in main
    beat(app=app).execute_from_commandline()
  File "/home/nkarimi/ComplianceReporting/venv/lib/python3.6/site-packages/celery/bin/base.py", line 309, in execute_from_commandline
    argv = self.setup_app_from_commandline(argv)
  File "/home/nkarimi/ComplianceReporting/venv/lib/python3.6/site-packages/celery/bin/base.py", line 469, in setup_app_from_commandline
    self.app = self.find_app(app)
  File "/home/nkarimi/ComplianceReporting/venv/lib/python3.6/site-packages/celery/bin/base.py", line 489, in find_app
    return find_app(app, symbol_by_name=self.symbol_by_name)
  File "/home/nkarimi/ComplianceReporting/venv/lib/python3.6/site-packages/celery/app/utils.py", line 235, in find_app
    sym = symbol_by_name(app, imp=imp)
  File "/home/nkarimi/ComplianceReporting/venv/lib/python3.6/site-packages/celery/bin/base.py", line 492, in symbol_by_name
    return symbol_by_name(name, imp=imp)
  File "/home/nkarimi/ComplianceReporting/venv/lib/python3.6/site-packages/kombu/utils/__init__.py", line 96, in symbol_by_name
    module = imp(module_name, package=package, **kwargs)
  File "/home/nkarimi/ComplianceReporting/venv/lib/python3.6/site-packages/celery/utils/imports.py", line 101, in import_from_cwd
    return imp(module, package=package)
  File "/usr/lib/python3.6/importlib/__init__.py", line 126, in import_module
    return _bootstrap._gcd_import(name[level:], package, level)
  File "<frozen importlib._bootstrap>", line 994, in _gcd_import
  File "<frozen importlib._bootstrap>", line 971, in _find_and_load
  File "<frozen importlib._bootstrap>", line 955, in _find_and_load_unlocked
  File "<frozen importlib._bootstrap>", line 665, in _load_unlocked
  File "<frozen importlib._bootstrap_external>", line 678, in exec_module
  File "<frozen importlib._bootstrap>", line 219, in _call_with_frames_removed
  File "/home/nkarimi/ComplianceReporting/ComplianceReporting/__init__.py", line 8, in <module>
    from .celery import app as celery_app
  File "/home/nkarimi/ComplianceReporting/ComplianceReporting/celery.py", line 20, in <module>
    app.autodiscover_tasks()
TypeError: autodiscover_tasks() missing 1 required positional argument: 'packages'

The 'celerybeat' command is deprecated, please use 'celery beat' instead:

$ celery beat -A ComplianceReporting --loglevel=INFO


Traceback (most recent call last):
  File "/home/nkarimi/ComplianceReporting/venv/bin/celerybeat", line 11, in <module>
    sys.exit(_compat_beat())
  File "/home/nkarimi/ComplianceReporting/venv/lib/python3.6/site-packages/celery/__main__.py", line 50, in _compat_beat
    main()
  File "/home/nkarimi/ComplianceReporting/venv/lib/python3.6/site-packages/celery/bin/beat.py", line 97, in main
    beat(app=app).execute_from_commandline()
  File "/home/nkarimi/ComplianceReporting/venv/lib/python3.6/site-packages/celery/bin/base.py", line 309, in execute_from_commandline
    argv = self.setup_app_from_commandline(argv)
  File "/home/nkarimi/ComplianceReporting/venv/lib/python3.6/site-packages/celery/bin/base.py", line 469, in setup_app_from_commandline
    self.app = self.find_app(app)
  File "/home/nkarimi/ComplianceReporting/venv/lib/python3.6/site-packages/celery/bin/base.py", line 489, in find_app
    return find_app(app, symbol_by_name=self.symbol_by_name)
  File "/home/nkarimi/ComplianceReporting/venv/lib/python3.6/site-packages/celery/app/utils.py", line 235, in find_app
    sym = symbol_by_name(app, imp=imp)
  File "/home/nkarimi/ComplianceReporting/venv/lib/python3.6/site-packages/celery/bin/base.py", line 492, in symbol_by_name
    return symbol_by_name(name, imp=imp)
  File "/home/nkarimi/ComplianceReporting/venv/lib/python3.6/site-packages/kombu/utils/__init__.py", line 96, in symbol_by_name
    module = imp(module_name, package=package, **kwargs)
  File "/home/nkarimi/ComplianceReporting/venv/lib/python3.6/site-packages/celery/utils/imports.py", line 101, in import_from_cwd
    return imp(module, package=package)
  File "/usr/lib/python3.6/importlib/__init__.py", line 126, in import_module
    return _bootstrap._gcd_import(name[level:], package, level)
  File "<frozen importlib._bootstrap>", line 994, in _gcd_import
  File "<frozen importlib._bootstrap>", line 971, in _find_and_load
  File "<frozen importlib._bootstrap>", line 955, in _find_and_load_unlocked
  File "<frozen importlib._bootstrap>", line 665, in _load_unlocked
  File "<frozen importlib._bootstrap_external>", line 678, in exec_module
  File "<frozen importlib._bootstrap>", line 219, in _call_with_frames_removed
  File "/home/nkarimi/ComplianceReporting/ComplianceReporting/__init__.py", line 8, in <module>
    from .celery import app as celery_app
  File "/home/nkarimi/ComplianceReporting/ComplianceReporting/celery.py", line 20, in <module>
    app.autodiscover_tasks()
TypeError: autodiscover_tasks() missing 1 required positional argument: 'packages'
[2021-01-06 08:50:44,901: INFO/MainProcess] beat: Starting...

The 'celerybeat' command is deprecated, please use 'celery beat' instead:

$ celery beat -A ComplianceReporting --loglevel=INFO


celery beat v3.1.26.post2 (Cipater) is starting.
__    -    ... __   -        _
Configuration ->
    . broker -> redis://guest@127.0.0.1:6379//
    . loader -> celery.loaders.app.AppLoader
    . scheduler -> celery.beat.PersistentScheduler
    . db -> celerybeat-schedule
    . logfile -> [stderr]@%INFO
    . maxinterval -> now (0s)
[2021-04-06 09:03:12,344: INFO/MainProcess] beat: Starting...

The 'celerybeat' command is deprecated, please use 'celery beat' instead:

$ celery beat -A ComplianceReporting --loglevel=INFO


celery beat v3.1.26.post2 (Cipater) is starting.
__    -    ... __   -        _
Configuration ->
    . broker -> amqp://guest:**@localhost:5672//
    . loader -> celery.loaders.app.AppLoader
    . scheduler -> celery.beat.PersistentScheduler
    . db -> celerybeat-schedule
    . logfile -> [stderr]@%INFO
    . maxinterval -> now (0s)
[2021-04-06 15:18:55,282: INFO/MainProcess] beat: Starting...

The 'celerybeat' command is deprecated, please use 'celery beat' instead:

$ celery beat -A ComplianceReporting --loglevel=INFO


celery beat v3.1.26.post2 (Cipater) is starting.
__    -    ... __   -        _
Configuration ->
    . broker -> amqp://guest:**@localhost:5672//
    . loader -> celery.loaders.app.AppLoader
    . scheduler -> celery.beat.PersistentScheduler
    . db -> celerybeat-schedule
    . logfile -> [stderr]@%INFO
    . maxinterval -> now (0s)
[2021-04-07 13:36:01,728: INFO/MainProcess] beat: Starting...

The 'celerybeat' command is deprecated, please use 'celery beat' instead:

$ celery beat -A ComplianceReporting --loglevel=INFO


celery beat v3.1.26.post2 (Cipater) is starting.
ERROR: Pidfile (celerybeat.pid) already exists.
Seems we're already running? (pid: 1617)
ERROR: Pidfile (celerybeat.pid) already exists.
Seems we're already running? (pid: 1617)

The 'celerybeat' command is deprecated, please use 'celery beat' instead:

$ celery beat -A ComplianceReporting --loglevel=INFO


celery beat v3.1.26.post2 (Cipater) is starting.
ERROR: Pidfile (celerybeat.pid) already exists.
Seems we're already running? (pid: 1617)

The 'celerybeat' command is deprecated, please use 'celery beat' instead:

$ celery beat -A ComplianceReporting --loglevel=INFO


celery beat v3.1.26.post2 (Cipater) is starting.

The 'celerybeat' command is deprecated, please use 'celery beat' instead:

$ celery beat -A ComplianceReporting --loglevel=INFO


celery beat v3.1.26.post2 (Cipater) is starting.
ERROR: Pidfile (celerybeat.pid) already exists.
Seems we're already running? (pid: 1617)

The 'celerybeat' command is deprecated, please use 'celery beat' instead:

$ celery beat -A ComplianceReporting --loglevel=INFO


celery beat v3.1.26.post2 (Cipater) is starting.
ERROR: Pidfile (celerybeat.pid) already exists.
Seems we're already running? (pid: 1617)
ERROR: Pidfile (celerybeat.pid) already exists.
Seems we're already running? (pid: 1617)

The 'celerybeat' command is deprecated, please use 'celery beat' instead:

$ celery beat -A ComplianceReporting --loglevel=INFO


celery beat v3.1.26.post2 (Cipater) is starting.

The 'celerybeat' command is deprecated, please use 'celery beat' instead:

$ celery beat -A ComplianceReporting --loglevel=INFO


celery beat v3.1.26.post2 (Cipater) is starting.
ERROR: Pidfile (celerybeat.pid) already exists.
Seems we're already running? (pid: 1617)

The 'celerybeat' command is deprecated, please use 'celery beat' instead:

$ celery beat -A ComplianceReporting --loglevel=INFO


celery beat v3.1.26.post2 (Cipater) is starting.
ERROR: Pidfile (celerybeat.pid) already exists.
Seems we're already running? (pid: 1617)
Stale pidfile exists. Removing it.
[2021-05-05 15:38:13,910: INFO/MainProcess] beat: Starting...
